<?xml version="1.0" encoding="UTF-8"?>
<!-- Generated by org.testng.reporters.JUnitReportReporter -->
<testsuite skipped="0" hostname="DESKTOP-8CSIC1S" name="testCases.AssessmentResolver" tests="6" failures="0" timestamp="2023-01-17T12:36:44 MST" time="34.703" errors="0">
  <testcase name="Test6" time="4.056" classname="testCases.AssessmentResolver"/>
  <system-out/>
  <testcase name="Test2" time="3.532" classname="testCases.AssessmentResolver"/>
  <system-out/>
  <testcase name="Test3" time="8.479" classname="testCases.AssessmentResolver"/>
  <system-out/>
  <testcase name="Test4" time="4.680" classname="testCases.AssessmentResolver"/>
  <system-out/>
  <testcase name="Test1" time="7.118" classname="testCases.AssessmentResolver"/>
  <system-out/>
  <testcase name="Test5" time="6.838" classname="testCases.AssessmentResolver"/>
  <system-out/>
</testsuite> <!-- testCases.AssessmentResolver -->
